2022-01-07 00:14:31,351 RuzLogger.TesterRuzLogger :: DEBUG : Initialize TestCase
2022-01-07 00:14:31,351 RuzLogger.TesterRuzLogger :: INFO : Start testing module RUZ
2022-01-07 00:14:31,351 RuzLogger.TesterRuzLogger :: INFO : Checking the testing system ...
2022-01-07 00:14:31,351 RuzLogger.TesterRuzLogger :: INFO : The testing system has been verified!
2022-01-07 00:14:31,351 RuzLogger.TesterRuzLogger :: INFO : Checking for empty name entry ...
2022-01-07 00:14:31,351 RuzLogger.WorkLogger :: INFO : Try to get schedule by name...
2022-01-07 00:14:31,351 RuzLogger.WorkLogger :: INFO : Initialize the type of person...
2022-01-07 00:14:31,351 RuzLogger.WorkLogger :: INFO : Start work with date...
2022-01-07 00:14:31,351 RuzLogger.WorkLogger :: INFO : Start work with ruz.hse.ru...
2022-01-07 00:14:32,344 RuzLogger.WorkLogger :: INFO : Get id from ruz! Continue working...
2022-01-07 00:14:32,344 RuzLogger.WorkLogger :: INFO : Try to get schedule from ruz...
2022-01-07 00:14:33,064 RuzLogger.WorkLogger :: INFO : Processing a response from ruz.hse.ru...
2022-01-07 00:14:33,064 RuzLogger.WorkLogger :: ERROR : The empty answer from ruz!
2022-01-07 00:14:33,064 RuzLogger.TesterRuzLogger :: INFO : No errors found!
2022-01-07 00:14:33,064 RuzLogger.TesterRuzLogger :: INFO : Checking for empty date entry ...
2022-01-07 00:14:33,064 RuzLogger.WorkLogger :: INFO : Try to get schedule by name and date...
2022-01-07 00:14:33,064 RuzLogger.WorkLogger :: INFO : Initialize the type of person...
2022-01-07 00:14:33,064 RuzLogger.WorkLogger :: INFO : Start work with date...
2022-01-07 00:14:33,064 RuzLogger.WorkLogger :: ERROR : The date is empty string!
2022-01-07 00:14:33,064 RuzLogger.TesterRuzLogger :: INFO : No errors found!
2022-01-07 00:14:33,064 RuzLogger.TesterRuzLogger :: INFO : Checking for incorrect data entry ...
2022-01-07 00:14:33,064 RuzLogger.WorkLogger :: INFO : Try to get schedule by name...
2022-01-07 00:14:33,064 RuzLogger.WorkLogger :: INFO : Initialize the type of person...
2022-01-07 00:14:33,064 RuzLogger.WorkLogger :: INFO : Start work with date...
2022-01-07 00:14:33,064 RuzLogger.WorkLogger :: INFO : Start work with ruz.hse.ru...
2022-01-07 00:14:34,099 RuzLogger.WorkLogger :: ERROR : The empty answer from ruz!
2022-01-07 00:14:34,099 RuzLogger.TesterRuzLogger :: INFO : No errors found!
2022-01-07 00:14:34,099 RuzLogger.TesterRuzLogger :: INFO : Checking the incorrect date input ...
2022-01-07 00:14:34,099 RuzLogger.WorkLogger :: INFO : Try to get schedule by name and date...
2022-01-07 00:14:34,099 RuzLogger.WorkLogger :: INFO : Initialize the type of person...
2022-01-07 00:14:34,099 RuzLogger.WorkLogger :: INFO : Start work with date...
2022-01-07 00:14:34,104 RuzLogger.WorkLogger :: ERROR : The date has already passed!
2022-01-07 00:14:34,104 RuzLogger.TesterRuzLogger :: INFO : No errors found!
2022-01-07 00:14:34,104 RuzLogger.TesterRuzLogger :: INFO : All test passed!
2022-01-07 00:14:34,104 RuzLogger.TesterRuzLogger :: DEBUG : Initialize TestCase
2022-01-07 00:14:34,104 RuzLogger.TesterRuzLogger :: INFO : Start testing module RUZ
2022-01-07 00:14:34,104 RuzLogger.TesterRuzLogger :: INFO : Checking the testing system ...
2022-01-07 00:14:34,104 RuzLogger.TesterRuzLogger :: INFO : The testing system has been verified!
2022-01-07 00:14:34,104 RuzLogger.TesterRuzLogger :: INFO : Checking for empty name entry ...
2022-01-07 00:14:34,104 RuzLogger.WorkLogger :: INFO : Try to get schedule by name...
2022-01-07 00:14:34,104 RuzLogger.WorkLogger :: INFO : Initialize the type of person...
2022-01-07 00:14:34,104 RuzLogger.WorkLogger :: INFO : Start work with date...
2022-01-07 00:14:34,104 RuzLogger.WorkLogger :: INFO : Start work with ruz.hse.ru...
2022-01-07 00:14:34,581 RuzLogger.WorkLogger :: INFO : Get id from ruz! Continue working...
2022-01-07 00:14:34,581 RuzLogger.WorkLogger :: INFO : Try to get schedule from ruz...
2022-01-07 00:14:34,808 RuzLogger.WorkLogger :: INFO : Processing a response from ruz.hse.ru...
2022-01-07 00:14:34,808 RuzLogger.WorkLogger :: ERROR : The empty answer from ruz!
2022-01-07 00:14:34,808 RuzLogger.TesterRuzLogger :: INFO : No errors found!
2022-01-07 00:14:34,808 RuzLogger.TesterRuzLogger :: INFO : Checking for empty date entry ...
2022-01-07 00:14:34,808 RuzLogger.WorkLogger :: INFO : Try to get schedule by name and date...
2022-01-07 00:14:34,808 RuzLogger.WorkLogger :: INFO : Initialize the type of person...
2022-01-07 00:14:34,808 RuzLogger.WorkLogger :: INFO : Start work with date...
2022-01-07 00:14:34,808 RuzLogger.WorkLogger :: ERROR : The date is empty string!
2022-01-07 00:14:34,808 RuzLogger.TesterRuzLogger :: INFO : No errors found!
2022-01-07 00:14:34,808 RuzLogger.TesterRuzLogger :: INFO : Checking for incorrect data entry ...
2022-01-07 00:14:34,808 RuzLogger.WorkLogger :: INFO : Try to get schedule by name...
2022-01-07 00:14:34,808 RuzLogger.WorkLogger :: INFO : Initialize the type of person...
2022-01-07 00:14:34,808 RuzLogger.WorkLogger :: INFO : Start work with date...
2022-01-07 00:14:34,808 RuzLogger.WorkLogger :: INFO : Start work with ruz.hse.ru...
2022-01-07 00:14:35,308 RuzLogger.WorkLogger :: ERROR : The empty answer from ruz!
2022-01-07 00:14:35,308 RuzLogger.TesterRuzLogger :: INFO : No errors found!
2022-01-07 00:14:35,308 RuzLogger.TesterRuzLogger :: INFO : Checking the incorrect date input ...
2022-01-07 00:14:35,308 RuzLogger.WorkLogger :: INFO : Try to get schedule by name and date...
2022-01-07 00:14:35,308 RuzLogger.WorkLogger :: INFO : Initialize the type of person...
2022-01-07 00:14:35,308 RuzLogger.WorkLogger :: INFO : Start work with date...
2022-01-07 00:14:35,308 RuzLogger.WorkLogger :: ERROR : The date has already passed!
2022-01-07 00:14:35,308 RuzLogger.TesterRuzLogger :: INFO : No errors found!
2022-01-07 00:14:35,308 RuzLogger.TesterRuzLogger :: INFO : All test passed!
2022-01-07 00:14:35,308 RuzLogger.WorkLogger :: INFO : Try to get schedule by name...
2022-01-07 00:14:35,308 RuzLogger.WorkLogger :: INFO : Initialize the type of person...
2022-01-07 00:14:35,308 RuzLogger.WorkLogger :: INFO : Start work with date...
2022-01-07 00:14:35,308 RuzLogger.WorkLogger :: INFO : Start work with ruz.hse.ru...
2022-01-07 00:14:35,855 RuzLogger.WorkLogger :: INFO : Get id from ruz! Continue working...
2022-01-07 00:14:35,855 RuzLogger.WorkLogger :: INFO : Try to get schedule from ruz...
2022-01-07 00:14:36,190 RuzLogger.WorkLogger :: INFO : Processing a response from ruz.hse.ru...
2022-01-07 00:14:36,190 RuzLogger.WorkLogger :: INFO : I get a correct answer and send it!
2022-01-07 00:14:36,190 RuzLogger.WorkLogger :: INFO : Try to get schedule by name and date...
2022-01-07 00:14:36,190 RuzLogger.WorkLogger :: INFO : Initialize the type of person...
2022-01-07 00:14:36,190 RuzLogger.WorkLogger :: INFO : Start work with date...
2022-01-07 00:14:36,190 RuzLogger.WorkLogger :: INFO : Date is correct!
2022-01-07 00:14:36,190 RuzLogger.WorkLogger :: INFO : Start work with ruz.hse.ru...
2022-01-07 00:14:36,805 RuzLogger.WorkLogger :: INFO : Get id from ruz! Continue working...
2022-01-07 00:14:36,805 RuzLogger.WorkLogger :: INFO : Try to get schedule from ruz...
2022-01-07 00:14:37,025 RuzLogger.WorkLogger :: INFO : Processing a response from ruz.hse.ru...
2022-01-07 00:14:37,025 RuzLogger.WorkLogger :: INFO : I get a correct answer and send it!
2022-01-20 21:18:00,468 RuzLogger.TesterRuzLogger :: DEBUG : Initialize TestCase
2022-01-20 21:18:00,468 RuzLogger.TesterRuzLogger :: INFO : Start testing module RUZ
2022-01-20 21:18:00,468 RuzLogger.TesterRuzLogger :: INFO : Checking the testing system ...
2022-01-20 21:18:00,468 RuzLogger.TesterRuzLogger :: INFO : The testing system has been verified!
2022-01-20 21:18:00,468 RuzLogger.TesterRuzLogger :: INFO : Checking for empty name entry ...
2022-01-20 21:18:00,468 RuzLogger.WorkLogger :: INFO : Try to get schedule by name...
2022-01-20 21:18:00,468 RuzLogger.WorkLogger :: INFO : Initialize the type of person...
2022-01-20 21:18:00,468 RuzLogger.WorkLogger :: INFO : Start work with date...
2022-01-20 21:18:00,468 RuzLogger.WorkLogger :: INFO : Start work with ruz.hse.ru...
2022-01-20 21:18:01,117 RuzLogger.WorkLogger :: INFO : Get id from ruz! Continue working...
2022-01-20 21:18:01,117 RuzLogger.WorkLogger :: INFO : Try to get schedule from ruz...
2022-01-20 21:18:01,342 RuzLogger.WorkLogger :: INFO : Processing a response from ruz.hse.ru...
2022-01-20 21:18:01,350 RuzLogger.WorkLogger :: INFO : I get a correct answer and send it!
2022-01-20 21:20:04,507 RuzLogger.TesterRuzLogger :: DEBUG : Initialize TestCase
2022-01-20 21:20:04,507 RuzLogger.TesterRuzLogger :: INFO : Start testing module RUZ
2022-01-20 21:20:04,507 RuzLogger.TesterRuzLogger :: INFO : Checking the testing system ...
2022-01-20 21:20:04,507 RuzLogger.TesterRuzLogger :: INFO : The testing system has been verified!
2022-01-20 21:20:04,507 RuzLogger.TesterRuzLogger :: INFO : Checking for empty name entry ...
2022-01-20 21:20:04,507 RuzLogger.WorkLogger :: INFO : Try to get schedule by name...
2022-01-20 21:20:04,507 RuzLogger.WorkLogger :: INFO : Initialize the type of person...
2022-01-20 21:20:04,507 RuzLogger.WorkLogger :: INFO : Start work with date...
2022-01-20 21:20:04,507 RuzLogger.WorkLogger :: INFO : Start work with ruz.hse.ru...
2022-01-20 21:20:04,814 RuzLogger.WorkLogger :: INFO : Get id from ruz! Continue working...
2022-01-20 21:20:04,814 RuzLogger.WorkLogger :: INFO : Try to get schedule from ruz...
2022-01-20 21:20:04,925 RuzLogger.WorkLogger :: INFO : Processing a response from ruz.hse.ru...
2022-01-20 21:20:04,933 RuzLogger.WorkLogger :: INFO : I get a correct answer and send it!
2022-01-20 21:21:50,224 RuzLogger.TesterRuzLogger :: DEBUG : Initialize TestCase
2022-01-20 21:21:50,224 RuzLogger.TesterRuzLogger :: INFO : Start testing module RUZ
2022-01-20 21:21:50,224 RuzLogger.TesterRuzLogger :: INFO : Checking the testing system ...
2022-01-20 21:21:50,224 RuzLogger.TesterRuzLogger :: INFO : The testing system has been verified!
2022-01-20 21:21:50,224 RuzLogger.TesterRuzLogger :: INFO : Checking for empty name entry ...
2022-01-20 21:21:50,224 RuzLogger.WorkLogger :: INFO : Try to get schedule by name...
2022-01-20 21:21:50,224 RuzLogger.WorkLogger :: ERROR : Empty name!
2022-01-20 21:21:50,224 RuzLogger.TesterRuzLogger :: INFO : No errors found!
2022-01-20 21:21:50,224 RuzLogger.TesterRuzLogger :: INFO : Checking for empty date entry ...
2022-01-20 21:21:50,224 RuzLogger.WorkLogger :: INFO : Try to get schedule by name and date...
2022-01-20 21:21:50,224 RuzLogger.WorkLogger :: INFO : Initialize the type of person...
2022-01-20 21:21:50,224 RuzLogger.WorkLogger :: INFO : Start work with date...
2022-01-20 21:21:50,224 RuzLogger.WorkLogger :: ERROR : The date is empty string!
2022-01-20 21:21:50,224 RuzLogger.TesterRuzLogger :: INFO : No errors found!
2022-01-20 21:21:50,224 RuzLogger.TesterRuzLogger :: INFO : Checking for incorrect data entry ...
2022-01-20 21:21:50,224 RuzLogger.WorkLogger :: INFO : Try to get schedule by name...
2022-01-20 21:21:50,224 RuzLogger.WorkLogger :: INFO : Initialize the type of person...
2022-01-20 21:21:50,224 RuzLogger.WorkLogger :: INFO : Start work with date...
2022-01-20 21:21:50,224 RuzLogger.WorkLogger :: INFO : Start work with ruz.hse.ru...
2022-01-20 21:21:50,590 RuzLogger.WorkLogger :: ERROR : The empty answer from ruz!
2022-01-20 21:21:50,590 RuzLogger.TesterRuzLogger :: INFO : No errors found!
2022-01-20 21:21:50,590 RuzLogger.TesterRuzLogger :: INFO : Checking the incorrect date input ...
2022-01-20 21:21:50,590 RuzLogger.WorkLogger :: INFO : Try to get schedule by name and date...
2022-01-20 21:21:50,590 RuzLogger.WorkLogger :: INFO : Initialize the type of person...
2022-01-20 21:21:50,590 RuzLogger.WorkLogger :: INFO : Start work with date...
2022-01-20 21:21:50,598 RuzLogger.WorkLogger :: ERROR : The date has already passed!
2022-01-20 21:21:50,598 RuzLogger.TesterRuzLogger :: INFO : No errors found!
2022-01-20 21:21:50,598 RuzLogger.TesterRuzLogger :: INFO : All test passed!
2022-01-20 21:21:50,598 RuzLogger.TesterRuzLogger :: DEBUG : Initialize TestCase
2022-01-20 21:21:50,598 RuzLogger.TesterRuzLogger :: INFO : Start testing module RUZ
2022-01-20 21:21:50,598 RuzLogger.TesterRuzLogger :: INFO : Checking the testing system ...
2022-01-20 21:21:50,598 RuzLogger.TesterRuzLogger :: INFO : The testing system has been verified!
2022-01-20 21:21:50,598 RuzLogger.TesterRuzLogger :: INFO : Checking for empty name entry ...
2022-01-20 21:21:50,598 RuzLogger.WorkLogger :: INFO : Try to get schedule by name...
2022-01-20 21:21:50,598 RuzLogger.WorkLogger :: ERROR : Empty name!
2022-01-20 21:21:50,598 RuzLogger.TesterRuzLogger :: INFO : No errors found!
2022-01-20 21:21:50,598 RuzLogger.TesterRuzLogger :: INFO : Checking for empty date entry ...
2022-01-20 21:21:50,598 RuzLogger.WorkLogger :: INFO : Try to get schedule by name and date...
2022-01-20 21:21:50,598 RuzLogger.WorkLogger :: INFO : Initialize the type of person...
2022-01-20 21:21:50,598 RuzLogger.WorkLogger :: INFO : Start work with date...
2022-01-20 21:21:50,598 RuzLogger.WorkLogger :: ERROR : The date is empty string!
2022-01-20 21:21:50,598 RuzLogger.TesterRuzLogger :: INFO : No errors found!
2022-01-20 21:21:50,598 RuzLogger.TesterRuzLogger :: INFO : Checking for incorrect data entry ...
2022-01-20 21:21:50,598 RuzLogger.WorkLogger :: INFO : Try to get schedule by name...
2022-01-20 21:21:50,598 RuzLogger.WorkLogger :: INFO : Initialize the type of person...
2022-01-20 21:21:50,598 RuzLogger.WorkLogger :: INFO : Start work with date...
2022-01-20 21:21:50,598 RuzLogger.WorkLogger :: INFO : Start work with ruz.hse.ru...
2022-01-20 21:21:50,940 RuzLogger.WorkLogger :: ERROR : The empty answer from ruz!
2022-01-20 21:21:50,940 RuzLogger.TesterRuzLogger :: INFO : No errors found!
2022-01-20 21:21:50,940 RuzLogger.TesterRuzLogger :: INFO : Checking the incorrect date input ...
2022-01-20 21:21:50,940 RuzLogger.WorkLogger :: INFO : Try to get schedule by name and date...
2022-01-20 21:21:50,940 RuzLogger.WorkLogger :: INFO : Initialize the type of person...
2022-01-20 21:21:50,940 RuzLogger.WorkLogger :: INFO : Start work with date...
2022-01-20 21:21:50,940 RuzLogger.WorkLogger :: ERROR : The date has already passed!
2022-01-20 21:21:50,940 RuzLogger.TesterRuzLogger :: INFO : No errors found!
2022-01-20 21:21:50,940 RuzLogger.TesterRuzLogger :: INFO : All test passed!
2022-01-20 21:21:50,940 RuzLogger.WorkLogger :: INFO : Try to get schedule by name...
2022-01-20 21:21:50,940 RuzLogger.WorkLogger :: INFO : Initialize the type of person...
2022-01-20 21:21:50,940 RuzLogger.WorkLogger :: INFO : Start work with date...
2022-01-20 21:21:50,940 RuzLogger.WorkLogger :: INFO : Start work with ruz.hse.ru...
2022-01-20 21:21:51,292 RuzLogger.WorkLogger :: INFO : Get id from ruz! Continue working...
2022-01-20 21:21:51,292 RuzLogger.WorkLogger :: INFO : Try to get schedule from ruz...
2022-01-20 21:21:51,619 RuzLogger.WorkLogger :: INFO : Processing a response from ruz.hse.ru...
2022-01-20 21:21:51,620 RuzLogger.WorkLogger :: INFO : I get a correct answer and send it!
2022-01-20 21:21:51,620 RuzLogger.WorkLogger :: INFO : Try to get schedule by name and date...
2022-01-20 21:21:51,620 RuzLogger.WorkLogger :: INFO : Initialize the type of person...
2022-01-20 21:21:51,620 RuzLogger.WorkLogger :: INFO : Start work with date...
2022-01-20 21:21:51,620 RuzLogger.WorkLogger :: ERROR : The date has already passed!
2022-01-20 21:22:49,563 RuzLogger.TesterRuzLogger :: DEBUG : Initialize TestCase
2022-01-20 21:22:49,563 RuzLogger.TesterRuzLogger :: INFO : Start testing module RUZ
2022-01-20 21:22:49,563 RuzLogger.TesterRuzLogger :: INFO : Checking the testing system ...
2022-01-20 21:22:49,563 RuzLogger.TesterRuzLogger :: INFO : The testing system has been verified!
2022-01-20 21:22:49,563 RuzLogger.TesterRuzLogger :: INFO : Checking for empty name entry ...
2022-01-20 21:22:49,563 RuzLogger.WorkLogger :: INFO : Try to get schedule by name...
2022-01-20 21:22:49,563 RuzLogger.WorkLogger :: ERROR : Empty name!
2022-01-20 21:22:49,563 RuzLogger.TesterRuzLogger :: INFO : No errors found!
2022-01-20 21:22:49,563 RuzLogger.TesterRuzLogger :: INFO : Checking for empty date entry ...
2022-01-20 21:22:49,563 RuzLogger.WorkLogger :: INFO : Try to get schedule by name and date...
2022-01-20 21:22:49,563 RuzLogger.WorkLogger :: INFO : Initialize the type of person...
2022-01-20 21:22:49,563 RuzLogger.WorkLogger :: INFO : Start work with date...
2022-01-20 21:22:49,563 RuzLogger.WorkLogger :: ERROR : The date is empty string!
2022-01-20 21:22:49,563 RuzLogger.TesterRuzLogger :: INFO : No errors found!
2022-01-20 21:22:49,563 RuzLogger.TesterRuzLogger :: INFO : Checking for incorrect data entry ...
2022-01-20 21:22:49,563 RuzLogger.WorkLogger :: INFO : Try to get schedule by name...
2022-01-20 21:22:49,563 RuzLogger.WorkLogger :: INFO : Initialize the type of person...
2022-01-20 21:22:49,563 RuzLogger.WorkLogger :: INFO : Start work with date...
2022-01-20 21:22:49,563 RuzLogger.WorkLogger :: INFO : Start work with ruz.hse.ru...
2022-01-20 21:22:49,717 RuzLogger.WorkLogger :: ERROR : The empty answer from ruz!
2022-01-20 21:22:49,717 RuzLogger.TesterRuzLogger :: INFO : No errors found!
2022-01-20 21:22:49,717 RuzLogger.TesterRuzLogger :: INFO : Checking the incorrect date input ...
2022-01-20 21:22:49,717 RuzLogger.WorkLogger :: INFO : Try to get schedule by name and date...
2022-01-20 21:22:49,717 RuzLogger.WorkLogger :: INFO : Initialize the type of person...
2022-01-20 21:22:49,717 RuzLogger.WorkLogger :: INFO : Start work with date...
2022-01-20 21:22:49,717 RuzLogger.WorkLogger :: ERROR : The date has already passed!
2022-01-20 21:22:49,717 RuzLogger.TesterRuzLogger :: INFO : No errors found!
2022-01-20 21:22:49,717 RuzLogger.TesterRuzLogger :: INFO : All test passed!
2022-01-20 21:22:49,717 RuzLogger.TesterRuzLogger :: DEBUG : Initialize TestCase
2022-01-20 21:22:49,717 RuzLogger.TesterRuzLogger :: INFO : Start testing module RUZ
2022-01-20 21:22:49,717 RuzLogger.TesterRuzLogger :: INFO : Checking the testing system ...
2022-01-20 21:22:49,717 RuzLogger.TesterRuzLogger :: INFO : The testing system has been verified!
2022-01-20 21:22:49,717 RuzLogger.TesterRuzLogger :: INFO : Checking for empty name entry ...
2022-01-20 21:22:49,717 RuzLogger.WorkLogger :: INFO : Try to get schedule by name...
2022-01-20 21:22:49,717 RuzLogger.WorkLogger :: ERROR : Empty name!
2022-01-20 21:22:49,717 RuzLogger.TesterRuzLogger :: INFO : No errors found!
2022-01-20 21:22:49,717 RuzLogger.TesterRuzLogger :: INFO : Checking for empty date entry ...
2022-01-20 21:22:49,717 RuzLogger.WorkLogger :: INFO : Try to get schedule by name and date...
2022-01-20 21:22:49,717 RuzLogger.WorkLogger :: INFO : Initialize the type of person...
2022-01-20 21:22:49,717 RuzLogger.WorkLogger :: INFO : Start work with date...
2022-01-20 21:22:49,717 RuzLogger.WorkLogger :: ERROR : The date is empty string!
2022-01-20 21:22:49,717 RuzLogger.TesterRuzLogger :: INFO : No errors found!
2022-01-20 21:22:49,717 RuzLogger.TesterRuzLogger :: INFO : Checking for incorrect data entry ...
2022-01-20 21:22:49,717 RuzLogger.WorkLogger :: INFO : Try to get schedule by name...
2022-01-20 21:22:49,717 RuzLogger.WorkLogger :: INFO : Initialize the type of person...
2022-01-20 21:22:49,717 RuzLogger.WorkLogger :: INFO : Start work with date...
2022-01-20 21:22:49,717 RuzLogger.WorkLogger :: INFO : Start work with ruz.hse.ru...
2022-01-20 21:22:50,031 RuzLogger.WorkLogger :: ERROR : The empty answer from ruz!
2022-01-20 21:22:50,031 RuzLogger.TesterRuzLogger :: INFO : No errors found!
2022-01-20 21:22:50,031 RuzLogger.TesterRuzLogger :: INFO : Checking the incorrect date input ...
2022-01-20 21:22:50,031 RuzLogger.WorkLogger :: INFO : Try to get schedule by name and date...
2022-01-20 21:22:50,031 RuzLogger.WorkLogger :: INFO : Initialize the type of person...
2022-01-20 21:22:50,031 RuzLogger.WorkLogger :: INFO : Start work with date...
2022-01-20 21:22:50,031 RuzLogger.WorkLogger :: ERROR : The date has already passed!
2022-01-20 21:22:50,031 RuzLogger.TesterRuzLogger :: INFO : No errors found!
2022-01-20 21:22:50,031 RuzLogger.TesterRuzLogger :: INFO : All test passed!
2022-01-20 21:22:50,031 RuzLogger.WorkLogger :: INFO : Try to get schedule by name...
2022-01-20 21:22:50,031 RuzLogger.WorkLogger :: INFO : Initialize the type of person...
2022-01-20 21:22:50,031 RuzLogger.WorkLogger :: INFO : Start work with date...
2022-01-20 21:22:50,031 RuzLogger.WorkLogger :: INFO : Start work with ruz.hse.ru...
2022-01-20 21:22:50,314 RuzLogger.WorkLogger :: INFO : Get id from ruz! Continue working...
2022-01-20 21:22:50,314 RuzLogger.WorkLogger :: INFO : Try to get schedule from ruz...
2022-01-20 21:22:50,421 RuzLogger.WorkLogger :: INFO : Processing a response from ruz.hse.ru...
2022-01-20 21:22:50,421 RuzLogger.WorkLogger :: INFO : I get a correct answer and send it!
2022-01-20 21:22:50,421 RuzLogger.WorkLogger :: INFO : Try to get schedule by name and date...
2022-01-20 21:22:50,421 RuzLogger.WorkLogger :: INFO : Initialize the type of person...
2022-01-20 21:22:50,421 RuzLogger.WorkLogger :: INFO : Start work with date...
2022-01-20 21:22:50,421 RuzLogger.WorkLogger :: ERROR : The date has already passed!
2022-01-20 21:23:10,187 RuzLogger.TesterRuzLogger :: DEBUG : Initialize TestCase
2022-01-20 21:23:10,187 RuzLogger.TesterRuzLogger :: INFO : Start testing module RUZ
2022-01-20 21:23:10,187 RuzLogger.TesterRuzLogger :: INFO : Checking the testing system ...
2022-01-20 21:23:10,187 RuzLogger.TesterRuzLogger :: INFO : The testing system has been verified!
2022-01-20 21:23:10,187 RuzLogger.TesterRuzLogger :: INFO : Checking for empty name entry ...
2022-01-20 21:23:10,195 RuzLogger.WorkLogger :: INFO : Try to get schedule by name...
2022-01-20 21:23:10,195 RuzLogger.WorkLogger :: ERROR : Empty name!
2022-01-20 21:23:10,195 RuzLogger.TesterRuzLogger :: INFO : No errors found!
2022-01-20 21:23:10,195 RuzLogger.TesterRuzLogger :: INFO : Checking for empty date entry ...
2022-01-20 21:23:10,195 RuzLogger.WorkLogger :: INFO : Try to get schedule by name and date...
2022-01-20 21:23:10,195 RuzLogger.WorkLogger :: INFO : Initialize the type of person...
2022-01-20 21:23:10,195 RuzLogger.WorkLogger :: INFO : Start work with date...
2022-01-20 21:23:10,195 RuzLogger.WorkLogger :: ERROR : The date is empty string!
2022-01-20 21:23:10,195 RuzLogger.TesterRuzLogger :: INFO : No errors found!
2022-01-20 21:23:10,195 RuzLogger.TesterRuzLogger :: INFO : Checking for incorrect data entry ...
2022-01-20 21:23:10,195 RuzLogger.WorkLogger :: INFO : Try to get schedule by name...
2022-01-20 21:23:10,195 RuzLogger.WorkLogger :: INFO : Initialize the type of person...
2022-01-20 21:23:10,195 RuzLogger.WorkLogger :: INFO : Start work with date...
2022-01-20 21:23:10,195 RuzLogger.WorkLogger :: INFO : Start work with ruz.hse.ru...
2022-01-20 21:23:10,766 RuzLogger.WorkLogger :: ERROR : The empty answer from ruz!
2022-01-20 21:23:10,766 RuzLogger.TesterRuzLogger :: INFO : No errors found!
2022-01-20 21:23:10,766 RuzLogger.TesterRuzLogger :: INFO : Checking the incorrect date input ...
2022-01-20 21:23:10,766 RuzLogger.WorkLogger :: INFO : Try to get schedule by name and date...
2022-01-20 21:23:10,766 RuzLogger.WorkLogger :: INFO : Initialize the type of person...
2022-01-20 21:23:10,766 RuzLogger.WorkLogger :: INFO : Start work with date...
2022-01-20 21:23:10,774 RuzLogger.WorkLogger :: ERROR : The date has already passed!
2022-01-20 21:23:10,774 RuzLogger.TesterRuzLogger :: INFO : No errors found!
2022-01-20 21:23:10,774 RuzLogger.TesterRuzLogger :: INFO : All test passed!
2022-01-20 21:23:10,774 RuzLogger.TesterRuzLogger :: DEBUG : Initialize TestCase
2022-01-20 21:23:10,774 RuzLogger.TesterRuzLogger :: INFO : Start testing module RUZ
2022-01-20 21:23:10,774 RuzLogger.TesterRuzLogger :: INFO : Checking the testing system ...
2022-01-20 21:23:10,774 RuzLogger.TesterRuzLogger :: INFO : The testing system has been verified!
2022-01-20 21:23:10,774 RuzLogger.TesterRuzLogger :: INFO : Checking for empty name entry ...
2022-01-20 21:23:10,774 RuzLogger.WorkLogger :: INFO : Try to get schedule by name...
2022-01-20 21:23:10,774 RuzLogger.WorkLogger :: ERROR : Empty name!
2022-01-20 21:23:10,774 RuzLogger.TesterRuzLogger :: INFO : No errors found!
2022-01-20 21:23:10,774 RuzLogger.TesterRuzLogger :: INFO : Checking for empty date entry ...
2022-01-20 21:23:10,774 RuzLogger.WorkLogger :: INFO : Try to get schedule by name and date...
2022-01-20 21:23:10,774 RuzLogger.WorkLogger :: INFO : Initialize the type of person...
2022-01-20 21:23:10,774 RuzLogger.WorkLogger :: INFO : Start work with date...
2022-01-20 21:23:10,774 RuzLogger.WorkLogger :: ERROR : The date is empty string!
2022-01-20 21:23:10,774 RuzLogger.TesterRuzLogger :: INFO : No errors found!
2022-01-20 21:23:10,774 RuzLogger.TesterRuzLogger :: INFO : Checking for incorrect data entry ...
2022-01-20 21:23:10,774 RuzLogger.WorkLogger :: INFO : Try to get schedule by name...
2022-01-20 21:23:10,774 RuzLogger.WorkLogger :: INFO : Initialize the type of person...
2022-01-20 21:23:10,774 RuzLogger.WorkLogger :: INFO : Start work with date...
2022-01-20 21:23:10,774 RuzLogger.WorkLogger :: INFO : Start work with ruz.hse.ru...
2022-01-20 21:23:11,107 RuzLogger.WorkLogger :: ERROR : The empty answer from ruz!
2022-01-20 21:23:11,107 RuzLogger.TesterRuzLogger :: INFO : No errors found!
2022-01-20 21:23:11,107 RuzLogger.TesterRuzLogger :: INFO : Checking the incorrect date input ...
2022-01-20 21:23:11,107 RuzLogger.WorkLogger :: INFO : Try to get schedule by name and date...
2022-01-20 21:23:11,107 RuzLogger.WorkLogger :: INFO : Initialize the type of person...
2022-01-20 21:23:11,107 RuzLogger.WorkLogger :: INFO : Start work with date...
2022-01-20 21:23:11,107 RuzLogger.WorkLogger :: ERROR : The date has already passed!
2022-01-20 21:23:11,107 RuzLogger.TesterRuzLogger :: INFO : No errors found!
2022-01-20 21:23:11,107 RuzLogger.TesterRuzLogger :: INFO : All test passed!
2022-01-20 21:23:11,107 RuzLogger.WorkLogger :: INFO : Try to get schedule by name...
2022-01-20 21:23:11,107 RuzLogger.WorkLogger :: INFO : Initialize the type of person...
2022-01-20 21:23:11,107 RuzLogger.WorkLogger :: INFO : Start work with date...
2022-01-20 21:23:11,107 RuzLogger.WorkLogger :: INFO : Start work with ruz.hse.ru...
2022-01-20 21:23:11,448 RuzLogger.WorkLogger :: INFO : Get id from ruz! Continue working...
2022-01-20 21:23:11,448 RuzLogger.WorkLogger :: INFO : Try to get schedule from ruz...
2022-01-20 21:23:11,597 RuzLogger.WorkLogger :: INFO : Processing a response from ruz.hse.ru...
2022-01-20 21:23:11,597 RuzLogger.WorkLogger :: INFO : I get a correct answer and send it!
2022-01-20 21:23:11,597 RuzLogger.WorkLogger :: INFO : Try to get schedule by name and date...
2022-01-20 21:23:11,597 RuzLogger.WorkLogger :: INFO : Initialize the type of person...
2022-01-20 21:23:11,597 RuzLogger.WorkLogger :: INFO : Start work with date...
2022-01-20 21:23:11,597 RuzLogger.WorkLogger :: INFO : Date is correct!
2022-01-20 21:23:11,597 RuzLogger.WorkLogger :: INFO : Start work with ruz.hse.ru...
2022-01-20 21:23:12,829 RuzLogger.WorkLogger :: INFO : Get id from ruz! Continue working...
2022-01-20 21:23:12,829 RuzLogger.WorkLogger :: INFO : Try to get schedule from ruz...
2022-01-20 21:23:21,804 RuzLogger.WorkLogger :: INFO : Processing a response from ruz.hse.ru...
2022-01-20 21:23:21,804 RuzLogger.WorkLogger :: INFO : I get a correct answer and send it!
2022-01-20 21:33:23,158 RuzLogger.TesterRuzLogger :: DEBUG : Initialize TestCase
2022-01-20 21:33:23,158 RuzLogger.TesterRuzLogger :: INFO : Start testing module RUZ
2022-01-20 21:33:23,158 RuzLogger.TesterRuzLogger :: INFO : Checking the testing system ...
2022-01-20 21:33:23,158 RuzLogger.TesterRuzLogger :: INFO : The testing system has been verified!
2022-01-20 21:33:23,158 RuzLogger.TesterRuzLogger :: INFO : Checking for empty name entry ...
2022-01-20 21:33:23,158 RuzLogger.WorkLogger :: INFO : Try to get schedule by name...
2022-01-20 21:33:23,158 RuzLogger.WorkLogger :: ERROR : Empty name!
2022-01-20 21:33:23,166 RuzLogger.TesterRuzLogger :: INFO : No errors found!
2022-01-20 21:33:23,166 RuzLogger.TesterRuzLogger :: INFO : Checking for empty date entry ...
2022-01-20 21:33:23,166 RuzLogger.WorkLogger :: INFO : Try to get schedule by name and date...
2022-01-20 21:33:23,166 RuzLogger.WorkLogger :: INFO : Initialize the type of person...
2022-01-20 21:33:23,166 RuzLogger.WorkLogger :: INFO : Start work with date...
2022-01-20 21:33:23,166 RuzLogger.WorkLogger :: ERROR : The date is empty string!
2022-01-20 21:33:23,166 RuzLogger.TesterRuzLogger :: INFO : No errors found!
2022-01-20 21:33:23,166 RuzLogger.TesterRuzLogger :: INFO : Checking for incorrect data entry ...
2022-01-20 21:33:23,166 RuzLogger.WorkLogger :: INFO : Try to get schedule by name...
2022-01-20 21:33:23,166 RuzLogger.WorkLogger :: INFO : Initialize the type of person...
2022-01-20 21:33:23,166 RuzLogger.WorkLogger :: INFO : Start work with date...
2022-01-20 21:33:23,166 RuzLogger.WorkLogger :: INFO : Start work with ruz.hse.ru...
2022-01-20 21:33:23,670 RuzLogger.WorkLogger :: ERROR : The empty answer from ruz!
2022-01-20 21:33:23,670 RuzLogger.TesterRuzLogger :: INFO : No errors found!
2022-01-20 21:33:23,670 RuzLogger.TesterRuzLogger :: INFO : Checking the incorrect date input ...
2022-01-20 21:33:23,670 RuzLogger.WorkLogger :: INFO : Try to get schedule by name and date...
2022-01-20 21:33:23,677 RuzLogger.WorkLogger :: INFO : Initialize the type of person...
2022-01-20 21:33:23,677 RuzLogger.WorkLogger :: INFO : Start work with date...
2022-01-20 21:33:23,677 RuzLogger.WorkLogger :: ERROR : The date has already passed!
2022-01-20 21:33:23,677 RuzLogger.TesterRuzLogger :: INFO : No errors found!
2022-01-20 21:33:23,677 RuzLogger.TesterRuzLogger :: INFO : All test passed!
2022-01-20 21:33:23,677 RuzLogger.TesterRuzLogger :: DEBUG : Initialize TestCase
2022-01-20 21:33:23,677 RuzLogger.TesterRuzLogger :: INFO : Start testing module RUZ
2022-01-20 21:33:23,677 RuzLogger.TesterRuzLogger :: INFO : Checking the testing system ...
2022-01-20 21:33:23,677 RuzLogger.TesterRuzLogger :: INFO : The testing system has been verified!
2022-01-20 21:33:23,677 RuzLogger.TesterRuzLogger :: INFO : Checking for empty name entry ...
2022-01-20 21:33:23,677 RuzLogger.WorkLogger :: INFO : Try to get schedule by name...
2022-01-20 21:33:23,677 RuzLogger.WorkLogger :: ERROR : Empty name!
2022-01-20 21:33:23,677 RuzLogger.TesterRuzLogger :: INFO : No errors found!
2022-01-20 21:33:23,677 RuzLogger.TesterRuzLogger :: INFO : Checking for empty date entry ...
2022-01-20 21:33:23,677 RuzLogger.WorkLogger :: INFO : Try to get schedule by name and date...
2022-01-20 21:33:23,677 RuzLogger.WorkLogger :: INFO : Initialize the type of person...
2022-01-20 21:33:23,677 RuzLogger.WorkLogger :: INFO : Start work with date...
2022-01-20 21:33:23,677 RuzLogger.WorkLogger :: ERROR : The date is empty string!
2022-01-20 21:33:23,677 RuzLogger.TesterRuzLogger :: INFO : No errors found!
2022-01-20 21:33:23,677 RuzLogger.TesterRuzLogger :: INFO : Checking for incorrect data entry ...
2022-01-20 21:33:23,677 RuzLogger.WorkLogger :: INFO : Try to get schedule by name...
2022-01-20 21:33:23,677 RuzLogger.WorkLogger :: INFO : Initialize the type of person...
2022-01-20 21:33:23,677 RuzLogger.WorkLogger :: INFO : Start work with date...
2022-01-20 21:33:23,677 RuzLogger.WorkLogger :: INFO : Start work with ruz.hse.ru...
2022-01-20 21:33:24,071 RuzLogger.WorkLogger :: ERROR : The empty answer from ruz!
2022-01-20 21:33:24,071 RuzLogger.TesterRuzLogger :: INFO : No errors found!
2022-01-20 21:33:24,071 RuzLogger.TesterRuzLogger :: INFO : Checking the incorrect date input ...
2022-01-20 21:33:24,071 RuzLogger.WorkLogger :: INFO : Try to get schedule by name and date...
2022-01-20 21:33:24,071 RuzLogger.WorkLogger :: INFO : Initialize the type of person...
2022-01-20 21:33:24,071 RuzLogger.WorkLogger :: INFO : Start work with date...
2022-01-20 21:33:24,071 RuzLogger.WorkLogger :: ERROR : The date has already passed!
2022-01-20 21:33:24,071 RuzLogger.TesterRuzLogger :: INFO : No errors found!
2022-01-20 21:33:24,071 RuzLogger.TesterRuzLogger :: INFO : All test passed!
2022-01-20 21:33:24,071 RuzLogger.WorkLogger :: INFO : Try to get schedule by name...
2022-01-20 21:33:24,071 RuzLogger.WorkLogger :: INFO : Initialize the type of person...
2022-01-20 21:33:24,071 RuzLogger.WorkLogger :: INFO : Start work with date...
2022-01-20 21:33:24,071 RuzLogger.WorkLogger :: INFO : Start work with ruz.hse.ru...
2022-01-20 21:33:24,442 RuzLogger.WorkLogger :: INFO : Get id from ruz! Continue working...
2022-01-20 21:33:24,442 RuzLogger.WorkLogger :: INFO : Try to get schedule from ruz...
2022-01-20 21:33:24,574 RuzLogger.WorkLogger :: INFO : Processing a response from ruz.hse.ru...
2022-01-20 21:33:24,574 RuzLogger.WorkLogger :: INFO : I get a correct answer and send it!
2022-01-20 21:33:24,574 RuzLogger.WorkLogger :: INFO : Try to get schedule by name and date...
2022-01-20 21:33:24,574 RuzLogger.WorkLogger :: INFO : Initialize the type of person...
2022-01-20 21:33:24,574 RuzLogger.WorkLogger :: INFO : Start work with date...
2022-01-20 21:33:24,574 RuzLogger.WorkLogger :: INFO : Date is correct!
2022-01-20 21:33:24,574 RuzLogger.WorkLogger :: INFO : Start work with ruz.hse.ru...
2022-01-20 21:33:24,940 RuzLogger.WorkLogger :: INFO : Get id from ruz! Continue working...
2022-01-20 21:33:24,940 RuzLogger.WorkLogger :: INFO : Try to get schedule from ruz...
2022-01-20 21:33:25,075 RuzLogger.WorkLogger :: INFO : Processing a response from ruz.hse.ru...
2022-01-20 21:33:25,075 RuzLogger.WorkLogger :: INFO : I get a correct answer and send it!
2022-02-12 18:58:02,100 RuzLogger.TesterRuzLogger :: DEBUG : Initialize TestCase
2022-02-12 18:58:02,101 RuzLogger.TesterRuzLogger :: INFO : Start testing module RUZ
2022-02-12 18:58:02,101 RuzLogger.TesterRuzLogger :: INFO : Checking the testing system ...
2022-02-12 18:58:02,101 RuzLogger.TesterRuzLogger :: INFO : The testing system has been verified!
2022-02-12 18:58:02,101 RuzLogger.TesterRuzLogger :: INFO : Checking for empty name entry ...
2022-02-12 18:58:02,101 RuzLogger.WorkLogger :: INFO : Try to get schedule by name...
2022-02-12 18:58:02,101 RuzLogger.WorkLogger :: ERROR : Empty name!
2022-02-12 18:58:02,101 RuzLogger.TesterRuzLogger :: INFO : No errors found!
2022-02-12 18:58:02,101 RuzLogger.TesterRuzLogger :: INFO : Checking for empty date entry ...
2022-02-12 18:58:02,101 RuzLogger.WorkLogger :: INFO : Try to get schedule by name and date...
2022-02-12 18:58:02,101 RuzLogger.WorkLogger :: INFO : Initialize the type of person...
2022-02-12 18:58:02,101 RuzLogger.WorkLogger :: INFO : Start work with date...
2022-02-12 18:58:02,101 RuzLogger.WorkLogger :: ERROR : The date is empty string!
2022-02-12 18:58:02,101 RuzLogger.TesterRuzLogger :: INFO : No errors found!
2022-02-12 18:58:02,101 RuzLogger.TesterRuzLogger :: INFO : Checking for incorrect data entry ...
2022-02-12 18:58:02,101 RuzLogger.WorkLogger :: INFO : Try to get schedule by name...
2022-02-12 18:58:02,101 RuzLogger.WorkLogger :: INFO : Initialize the type of person...
2022-02-12 18:58:02,102 RuzLogger.WorkLogger :: INFO : Start work with date...
2022-02-12 18:58:02,102 RuzLogger.WorkLogger :: INFO : Start work with ruz.hse.ru...
2022-02-12 18:58:02,716 RuzLogger.WorkLogger :: ERROR : The empty answer from ruz!
2022-02-12 18:58:02,716 RuzLogger.TesterRuzLogger :: INFO : No errors found!
2022-02-12 18:58:02,716 RuzLogger.TesterRuzLogger :: INFO : Checking the incorrect date input ...
2022-02-12 18:58:02,716 RuzLogger.WorkLogger :: INFO : Try to get schedule by name and date...
2022-02-12 18:58:02,716 RuzLogger.WorkLogger :: INFO : Initialize the type of person...
2022-02-12 18:58:02,716 RuzLogger.WorkLogger :: INFO : Start work with date...
2022-02-12 18:58:02,720 RuzLogger.WorkLogger :: ERROR : The date has already passed!
2022-02-12 18:58:02,720 RuzLogger.TesterRuzLogger :: INFO : No errors found!
2022-02-12 18:58:02,720 RuzLogger.TesterRuzLogger :: INFO : All test passed!
2022-02-12 18:58:02,720 RuzLogger.TesterRuzLogger :: DEBUG : Initialize TestCase
2022-02-12 18:58:02,721 RuzLogger.TesterRuzLogger :: INFO : Start testing module RUZ
2022-02-12 18:58:02,721 RuzLogger.TesterRuzLogger :: INFO : Checking the testing system ...
2022-02-12 18:58:02,721 RuzLogger.TesterRuzLogger :: INFO : The testing system has been verified!
2022-02-12 18:58:02,721 RuzLogger.TesterRuzLogger :: INFO : Checking for empty name entry ...
2022-02-12 18:58:02,721 RuzLogger.WorkLogger :: INFO : Try to get schedule by name...
2022-02-12 18:58:02,721 RuzLogger.WorkLogger :: ERROR : Empty name!
2022-02-12 18:58:02,721 RuzLogger.TesterRuzLogger :: INFO : No errors found!
2022-02-12 18:58:02,721 RuzLogger.TesterRuzLogger :: INFO : Checking for empty date entry ...
2022-02-12 18:58:02,721 RuzLogger.WorkLogger :: INFO : Try to get schedule by name and date...
2022-02-12 18:58:02,721 RuzLogger.WorkLogger :: INFO : Initialize the type of person...
2022-02-12 18:58:02,721 RuzLogger.WorkLogger :: INFO : Start work with date...
2022-02-12 18:58:02,721 RuzLogger.WorkLogger :: ERROR : The date is empty string!
2022-02-12 18:58:02,721 RuzLogger.TesterRuzLogger :: INFO : No errors found!
2022-02-12 18:58:02,721 RuzLogger.TesterRuzLogger :: INFO : Checking for incorrect data entry ...
2022-02-12 18:58:02,721 RuzLogger.WorkLogger :: INFO : Try to get schedule by name...
2022-02-12 18:58:02,721 RuzLogger.WorkLogger :: INFO : Initialize the type of person...
2022-02-12 18:58:02,722 RuzLogger.WorkLogger :: INFO : Start work with date...
2022-02-12 18:58:02,722 RuzLogger.WorkLogger :: INFO : Start work with ruz.hse.ru...
2022-02-12 18:58:03,405 RuzLogger.WorkLogger :: ERROR : The empty answer from ruz!
2022-02-12 18:58:03,405 RuzLogger.TesterRuzLogger :: INFO : No errors found!
2022-02-12 18:58:03,406 RuzLogger.TesterRuzLogger :: INFO : Checking the incorrect date input ...
2022-02-12 18:58:03,406 RuzLogger.WorkLogger :: INFO : Try to get schedule by name and date...
2022-02-12 18:58:03,406 RuzLogger.WorkLogger :: INFO : Initialize the type of person...
2022-02-12 18:58:03,406 RuzLogger.WorkLogger :: INFO : Start work with date...
2022-02-12 18:58:03,406 RuzLogger.WorkLogger :: ERROR : The date has already passed!
2022-02-12 18:58:03,406 RuzLogger.TesterRuzLogger :: INFO : No errors found!
2022-02-12 18:58:03,406 RuzLogger.TesterRuzLogger :: INFO : All test passed!
2022-02-12 18:58:03,406 RuzLogger.WorkLogger :: INFO : Try to get schedule by name...
2022-02-12 18:58:03,406 RuzLogger.WorkLogger :: INFO : Initialize the type of person...
2022-02-12 18:58:03,406 RuzLogger.WorkLogger :: INFO : Start work with date...
2022-02-12 18:58:03,406 RuzLogger.WorkLogger :: INFO : Start work with ruz.hse.ru...
2022-02-12 18:58:05,367 RuzLogger.WorkLogger :: INFO : Get id from ruz! Continue working...
2022-02-12 18:58:05,367 RuzLogger.WorkLogger :: INFO : Try to get schedule from ruz...
2022-02-12 18:58:06,630 RuzLogger.WorkLogger :: INFO : Processing a response from ruz.hse.ru...
2022-02-12 18:58:06,631 RuzLogger.WorkLogger :: INFO : I get a correct answer and send it!
2022-02-12 18:58:06,631 RuzLogger.WorkLogger :: INFO : Try to get schedule by name and date...
2022-02-12 18:58:06,631 RuzLogger.WorkLogger :: INFO : Initialize the type of person...
2022-02-12 18:58:06,631 RuzLogger.WorkLogger :: INFO : Start work with date...
2022-02-12 18:58:06,631 RuzLogger.WorkLogger :: ERROR : The date has already passed!
2022-02-12 18:58:42,856 RuzLogger.TesterRuzLogger :: DEBUG : Initialize TestCase
2022-02-12 18:58:42,856 RuzLogger.TesterRuzLogger :: INFO : Start testing module RUZ
2022-02-12 18:58:42,856 RuzLogger.TesterRuzLogger :: INFO : Checking the testing system ...
2022-02-12 18:58:42,856 RuzLogger.TesterRuzLogger :: INFO : The testing system has been verified!
2022-02-12 18:58:42,856 RuzLogger.TesterRuzLogger :: INFO : Checking for empty name entry ...
2022-02-12 18:58:42,856 RuzLogger.WorkLogger :: INFO : Try to get schedule by name...
2022-02-12 18:58:42,857 RuzLogger.WorkLogger :: ERROR : Empty name!
2022-02-12 18:58:42,857 RuzLogger.TesterRuzLogger :: INFO : No errors found!
2022-02-12 18:58:42,857 RuzLogger.TesterRuzLogger :: INFO : Checking for empty date entry ...
2022-02-12 18:58:42,857 RuzLogger.WorkLogger :: INFO : Try to get schedule by name and date...
2022-02-12 18:58:42,857 RuzLogger.WorkLogger :: INFO : Initialize the type of person...
2022-02-12 18:58:42,857 RuzLogger.WorkLogger :: INFO : Start work with date...
2022-02-12 18:58:42,857 RuzLogger.WorkLogger :: ERROR : The date is empty string!
2022-02-12 18:58:42,857 RuzLogger.TesterRuzLogger :: INFO : No errors found!
2022-02-12 18:58:42,857 RuzLogger.TesterRuzLogger :: INFO : Checking for incorrect data entry ...
2022-02-12 18:58:42,857 RuzLogger.WorkLogger :: INFO : Try to get schedule by name...
2022-02-12 18:58:42,857 RuzLogger.WorkLogger :: INFO : Initialize the type of person...
2022-02-12 18:58:42,857 RuzLogger.WorkLogger :: INFO : Start work with date...
2022-02-12 18:58:42,857 RuzLogger.WorkLogger :: INFO : Start work with ruz.hse.ru...
2022-02-12 18:58:43,471 RuzLogger.WorkLogger :: ERROR : The empty answer from ruz!
2022-02-12 18:58:43,471 RuzLogger.TesterRuzLogger :: INFO : No errors found!
2022-02-12 18:58:43,471 RuzLogger.TesterRuzLogger :: INFO : Checking the incorrect date input ...
2022-02-12 18:58:43,471 RuzLogger.WorkLogger :: INFO : Try to get schedule by name and date...
2022-02-12 18:58:43,471 RuzLogger.WorkLogger :: INFO : Initialize the type of person...
2022-02-12 18:58:43,471 RuzLogger.WorkLogger :: INFO : Start work with date...
2022-02-12 18:58:43,475 RuzLogger.WorkLogger :: ERROR : The date has already passed!
2022-02-12 18:58:43,475 RuzLogger.TesterRuzLogger :: INFO : No errors found!
2022-02-12 18:58:43,475 RuzLogger.TesterRuzLogger :: INFO : All test passed!
2022-02-12 18:58:43,475 RuzLogger.TesterRuzLogger :: DEBUG : Initialize TestCase
2022-02-12 18:58:43,475 RuzLogger.TesterRuzLogger :: INFO : Start testing module RUZ
2022-02-12 18:58:43,475 RuzLogger.TesterRuzLogger :: INFO : Checking the testing system ...
2022-02-12 18:58:43,475 RuzLogger.TesterRuzLogger :: INFO : The testing system has been verified!
2022-02-12 18:58:43,475 RuzLogger.TesterRuzLogger :: INFO : Checking for empty name entry ...
2022-02-12 18:58:43,476 RuzLogger.WorkLogger :: INFO : Try to get schedule by name...
2022-02-12 18:58:43,476 RuzLogger.WorkLogger :: ERROR : Empty name!
2022-02-12 18:58:43,476 RuzLogger.TesterRuzLogger :: INFO : No errors found!
2022-02-12 18:58:43,476 RuzLogger.TesterRuzLogger :: INFO : Checking for empty date entry ...
2022-02-12 18:58:43,476 RuzLogger.WorkLogger :: INFO : Try to get schedule by name and date...
2022-02-12 18:58:43,476 RuzLogger.WorkLogger :: INFO : Initialize the type of person...
2022-02-12 18:58:43,476 RuzLogger.WorkLogger :: INFO : Start work with date...
2022-02-12 18:58:43,476 RuzLogger.WorkLogger :: ERROR : The date is empty string!
2022-02-12 18:58:43,476 RuzLogger.TesterRuzLogger :: INFO : No errors found!
2022-02-12 18:58:43,476 RuzLogger.TesterRuzLogger :: INFO : Checking for incorrect data entry ...
2022-02-12 18:58:43,476 RuzLogger.WorkLogger :: INFO : Try to get schedule by name...
2022-02-12 18:58:43,476 RuzLogger.WorkLogger :: INFO : Initialize the type of person...
2022-02-12 18:58:43,476 RuzLogger.WorkLogger :: INFO : Start work with date...
2022-02-12 18:58:43,476 RuzLogger.WorkLogger :: INFO : Start work with ruz.hse.ru...
2022-02-12 18:58:43,988 RuzLogger.WorkLogger :: ERROR : The empty answer from ruz!
2022-02-12 18:58:43,988 RuzLogger.TesterRuzLogger :: INFO : No errors found!
2022-02-12 18:58:43,988 RuzLogger.TesterRuzLogger :: INFO : Checking the incorrect date input ...
2022-02-12 18:58:43,989 RuzLogger.WorkLogger :: INFO : Try to get schedule by name and date...
2022-02-12 18:58:43,989 RuzLogger.WorkLogger :: INFO : Initialize the type of person...
2022-02-12 18:58:43,989 RuzLogger.WorkLogger :: INFO : Start work with date...
2022-02-12 18:58:43,989 RuzLogger.WorkLogger :: ERROR : The date has already passed!
2022-02-12 18:58:43,989 RuzLogger.TesterRuzLogger :: INFO : No errors found!
2022-02-12 18:58:43,989 RuzLogger.TesterRuzLogger :: INFO : All test passed!
2022-02-12 18:58:43,989 RuzLogger.WorkLogger :: INFO : Try to get schedule by name...
2022-02-12 18:58:43,989 RuzLogger.WorkLogger :: INFO : Initialize the type of person...
2022-02-12 18:58:43,989 RuzLogger.WorkLogger :: INFO : Start work with date...
2022-02-12 18:58:43,990 RuzLogger.WorkLogger :: INFO : Start work with ruz.hse.ru...
2022-02-12 18:58:44,717 RuzLogger.WorkLogger :: INFO : Get id from ruz! Continue working...
2022-02-12 18:58:44,717 RuzLogger.WorkLogger :: INFO : Try to get schedule from ruz...
2022-02-12 18:58:45,751 RuzLogger.WorkLogger :: INFO : Processing a response from ruz.hse.ru...
2022-02-12 18:58:45,752 RuzLogger.WorkLogger :: INFO : I get a correct answer and send it!
2022-02-12 18:58:45,752 RuzLogger.WorkLogger :: INFO : Try to get schedule by name and date...
2022-02-12 18:58:45,752 RuzLogger.WorkLogger :: INFO : Initialize the type of person...
2022-02-12 18:58:45,752 RuzLogger.WorkLogger :: INFO : Start work with date...
2022-02-12 18:58:45,752 RuzLogger.WorkLogger :: INFO : Date is correct!
2022-02-12 18:58:45,752 RuzLogger.WorkLogger :: INFO : Start work with ruz.hse.ru...
2022-02-12 18:58:46,669 RuzLogger.WorkLogger :: INFO : Get id from ruz! Continue working...
2022-02-12 18:58:46,669 RuzLogger.WorkLogger :: INFO : Try to get schedule from ruz...
2022-02-12 18:58:47,392 RuzLogger.WorkLogger :: INFO : Processing a response from ruz.hse.ru...
2022-02-12 18:58:47,393 RuzLogger.WorkLogger :: INFO : I get a correct answer and send it!
